11:11:20 **** Incremental Build of configuration Debug for project 9-30FunctionswithVariables ****
make all 
Building file: ../src/9-30FunctionswithVariables.cpp
Invoking: GCC C++ Compiler
g++ -O0 -g3 -Wall -c -fmessage-length=0 -MMD -MP -MF"src/9-30FunctionswithVariables.d" -MT"src/9-30FunctionswithVariables.d" -o "src/9-30FunctionswithVariables.o" "../src/9-30FunctionswithVariables.cpp"
Finished building: ../src/9-30FunctionswithVariables.cpp
 
Building file: ../src/Functions.cpp
Invoking: GCC C++ Compiler
g++ -O0 -g3 -Wall -c -fmessage-length=0 -MMD -MP -MF"src/Functions.d" -MT"src/Functions.d" -o "src/Functions.o" "../src/Functions.cpp"
../src/Functions.cpp:13:12: warning: ‘a’ defined but not used [-Wunused-variable]
 static int a; //another use of the term Static when used as a GLOBAL static Variable
            ^
../src/Functions.cpp:14:12: warning: ‘b’ defined but not used [-Wunused-variable]
 static int b; // using static outside our functions mean that these variables can be used by any function in this .cpp file
            ^
Finished building: ../src/Functions.cpp
 
Building target: 9-30FunctionswithVariables
Invoking: GCC C++ Linker
g++  -o "9-30FunctionswithVariables"  ./src/9-30FunctionswithVariables.o ./src/Functions.o   
Finished building target: 9-30FunctionswithVariables
 

11:11:20 Build Finished (took 384ms)

