15:09:34 **** Incremental Build of configuration Debug for project 03-28CommaDelimitedStrings ****
make all 
Building file: ../src/03-28CommaDelimitedStrings.cpp
Invoking: GCC C++ Compiler
g++ -O0 -g3 -Wall -c -fmessage-length=0 -MMD -MP -MF"src/03-28CommaDelimitedStrings.d" -MT"src/03-28CommaDelimitedStrings.o" -o "src/03-28CommaDelimitedStrings.o" "../src/03-28CommaDelimitedStrings.cpp"
Finished building: ../src/03-28CommaDelimitedStrings.cpp
 
Building target: 03-28CommaDelimitedStrings
Invoking: GCC C++ Linker
g++  -o "03-28CommaDelimitedStrings"  ./src/03-28CommaDelimitedStrings.o   
Finished building target: 03-28CommaDelimitedStrings
 
17:33:34 **** Build of configuration Debug for project 03-28CommaDelimitedStrings ****
make all 
make: Nothing to be done for `all'.
17:33:34 **** Build of configuration Debug for project 03-28qsort ****
make all 
make: Nothing to be done for `all'.
17:33:34 **** Build of configuration Debug for project Lab04NameClass ****
make all 
Building file: ../src/Lab04NameClass.cpp
Invoking: GCC C++ Compiler
g++ -O0 -g3 -Wall -c -fmessage-length=0 -MMD -MP -MF"src/Lab04NameClass.d" -MT"src/Lab04NameClass.o" -o "src/Lab04NameClass.o" "../src/Lab04NameClass.cpp"
Finished building: ../src/Lab04NameClass.cpp
 
Building target: Lab04NameClass
Invoking: GCC C++ Linker
g++  -o "Lab04NameClass"  ./src/Lab04NameClass.o   
Finished building target: Lab04NameClass
 
17:46:28 **** Incremental Build of configuration Debug for project 03-28CommaDelimitedStrings ****
make all 
make: Nothing to be done for `all'.
17:46:28 **** Incremental Build of configuration Debug for project 03-28qsort ****
make all 
make: Nothing to be done for `all'.
17:46:29 **** Incremental Build of configuration Debug for project Lab04NameClass ****
make all 
make: Nothing to be done for `all'.
